{
  "stats": {
    "suites": 5,
    "tests": 10,
    "passes": 4,
    "pending": 6,
    "failures": 0,
    "start": "2020-04-03T05:45:53.349Z",
    "end": "2020-04-03T05:45:54.717Z",
    "duration": 1368,
    "testsRegistered": 10,
    "passPercent": 100,
    "pendingPercent": 60,
    "other": 0,
    "hasOther": false,
    "skipped": 0,
    "hasSkipped": false
  },
  "results": [
    {
      "uuid": "608c7a94-43e5-4735-a787-7e41abaeb856",
      "title": "",
      "fullFile": "",
      "file": "",
      "beforeHooks": [],
      "afterHooks": [],
      "tests": [],
      "suites": [
        {
          "uuid": "a591b2b6-297f-4896-b9af-436106719cc0",
          "title": "Typi code",
          "fullFile": "C:\\Users\\dipjyoti.metia\\Desktop\\ApiTestAutomation\\test\\test2.spec.ts",
          "file": "\\test\\test2.spec.ts",
          "beforeHooks": [],
          "afterHooks": [],
          "tests": [
            {
              "title": "should have posts",
              "fullTitle": "Typi code should have posts",
              "timedOut": false,
              "duration": 727,
              "state": "passed",
              "speed": "slow",
              "pass": true,
              "fail": false,
              "pending": false,
              "context": null,
              "code": "const res = await api.get('/db')\n    .expect(200);\nchai_1.expect(res.body).to.have.property('posts');\nchai_1.expect(res.body.posts).to.not.equal(null);",
              "err": {},
              "uuid": "90ca1237-062a-454d-94d7-ad4144fb5752",
              "parentUUID": "a591b2b6-297f-4896-b9af-436106719cc0",
              "isHook": false,
              "skipped": false
            },
            {
              "title": "should have comments",
              "fullTitle": "Typi code should have comments",
              "timedOut": false,
              "duration": 567,
              "state": "passed",
              "speed": "slow",
              "pass": true,
              "fail": false,
              "pending": false,
              "context": null,
              "code": "const res = await api.get('/db')\n    .expect(200);\nchai_1.expect(res.body).to.have.property('comments');",
              "err": {},
              "uuid": "e9301295-cf82-4632-b100-6629a5ef4251",
              "parentUUID": "a591b2b6-297f-4896-b9af-436106719cc0",
              "isHook": false,
              "skipped": false
            }
          ],
          "suites": [],
          "passes": [
            "90ca1237-062a-454d-94d7-ad4144fb5752",
            "e9301295-cf82-4632-b100-6629a5ef4251"
          ],
          "failures": [],
          "pending": [],
          "skipped": [],
          "duration": 1294,
          "root": false,
          "rootEmpty": false,
          "_timeout": 45000
        },
        {
          "uuid": "b4af0518-7184-40af-8bf9-e1e37431aa5b",
          "title": "Authentication",
          "fullFile": "C:\\Users\\dipjyoti.metia\\Desktop\\ApiTestAutomation\\test\\test3.spec.ts",
          "file": "\\test\\test3.spec.ts",
          "beforeHooks": [],
          "afterHooks": [],
          "tests": [
            {
              "title": "errors if wrong basic auth",
              "fullTitle": "Authentication errors if wrong basic auth",
              "timedOut": false,
              "duration": 0,
              "state": null,
              "speed": null,
              "pass": false,
              "fail": false,
              "pending": true,
              "context": null,
              "code": "",
              "err": {},
              "uuid": "15243a72-bf97-425b-af52-ee8c4df0b116",
              "parentUUID": "b4af0518-7184-40af-8bf9-e1e37431aa5b",
              "isHook": false,
              "skipped": false
            },
            {
              "title": "errors if bad x-api-key header",
              "fullTitle": "Authentication errors if bad x-api-key header",
              "timedOut": false,
              "duration": 0,
              "state": null,
              "speed": null,
              "pass": false,
              "fail": false,
              "pending": true,
              "context": null,
              "code": "",
              "err": {},
              "uuid": "a72f12fd-0cd1-4be4-83f2-f18653c7354f",
              "parentUUID": "b4af0518-7184-40af-8bf9-e1e37431aa5b",
              "isHook": false,
              "skipped": false
            }
          ],
          "suites": [],
          "passes": [],
          "failures": [],
          "pending": [
            "15243a72-bf97-425b-af52-ee8c4df0b116",
            "a72f12fd-0cd1-4be4-83f2-f18653c7354f"
          ],
          "skipped": [],
          "duration": 0,
          "root": false,
          "rootEmpty": false,
          "_timeout": 45000
        },
        {
          "uuid": "82e6c47c-0d50-40ef-b78c-377860f90918",
          "title": "/blog",
          "fullFile": "C:\\Users\\dipjyoti.metia\\Desktop\\ApiTestAutomation\\test\\test3.spec.ts",
          "file": "\\test\\test3.spec.ts",
          "beforeHooks": [],
          "afterHooks": [],
          "tests": [
            {
              "title": "returns blog posts as JSON",
              "fullTitle": "/blog returns blog posts as JSON",
              "timedOut": false,
              "duration": 0,
              "state": null,
              "speed": null,
              "pass": false,
              "fail": false,
              "pending": true,
              "context": null,
              "code": "",
              "err": {},
              "uuid": "5470c21e-0f5c-4ee9-94a0-5da9b1835dc4",
              "parentUUID": "82e6c47c-0d50-40ef-b78c-377860f90918",
              "isHook": false,
              "skipped": false
            }
          ],
          "suites": [],
          "passes": [],
          "failures": [],
          "pending": [
            "5470c21e-0f5c-4ee9-94a0-5da9b1835dc4"
          ],
          "skipped": [],
          "duration": 0,
          "root": false,
          "rootEmpty": false,
          "_timeout": 45000
        },
        {
          "uuid": "48585851-5c3d-4d8a-b52e-e6a246f51444",
          "title": "Text Axios",
          "fullFile": "C:\\Users\\dipjyoti.metia\\Desktop\\ApiTestAutomation\\test\\test4_axis.spec.ts",
          "file": "\\test\\test4_axis.spec.ts",
          "beforeHooks": [],
          "afterHooks": [],
          "tests": [
            {
              "title": "Text typiCode",
              "fullTitle": "Text Axios Text typiCode",
              "timedOut": false,
              "duration": 0,
              "state": null,
              "speed": null,
              "pass": false,
              "fail": false,
              "pending": true,
              "context": null,
              "code": "",
              "err": {},
              "uuid": "dd8db1e1-b577-436e-9428-e81155cc8683",
              "parentUUID": "48585851-5c3d-4d8a-b52e-e6a246f51444",
              "isHook": false,
              "skipped": false
            },
            {
              "title": "github api, multiple request",
              "fullTitle": "Text Axios github api, multiple request",
              "timedOut": false,
              "duration": 0,
              "state": null,
              "speed": null,
              "pass": false,
              "fail": false,
              "pending": true,
              "context": null,
              "code": "",
              "err": {},
              "uuid": "4261d7b9-a9c1-43c6-8857-99f575ec7c41",
              "parentUUID": "48585851-5c3d-4d8a-b52e-e6a246f51444",
              "isHook": false,
              "skipped": false
            },
            {
              "title": "local jsonserver",
              "fullTitle": "Text Axios local jsonserver",
              "timedOut": false,
              "duration": 0,
              "state": null,
              "speed": null,
              "pass": false,
              "fail": false,
              "pending": true,
              "context": null,
              "code": "",
              "err": {},
              "uuid": "8bfde2e7-f836-4428-81c1-06e41c48720e",
              "parentUUID": "48585851-5c3d-4d8a-b52e-e6a246f51444",
              "isHook": false,
              "skipped": false
            }
          ],
          "suites": [],
          "passes": [],
          "failures": [],
          "pending": [
            "dd8db1e1-b577-436e-9428-e81155cc8683",
            "4261d7b9-a9c1-43c6-8857-99f575ec7c41",
            "8bfde2e7-f836-4428-81c1-06e41c48720e"
          ],
          "skipped": [],
          "duration": 0,
          "root": false,
          "rootEmpty": false,
          "_timeout": 45000
        },
        {
          "uuid": "537ba9fe-ff1f-4358-a9b8-d4933adc24a3",
          "title": "API Locations",
          "fullFile": "C:\\Users\\dipjyoti.metia\\Desktop\\ApiTestAutomation\\test\\test5.spec.ts",
          "file": "\\test\\test5.spec.ts",
          "beforeHooks": [],
          "afterHooks": [],
          "tests": [
            {
              "title": "Test Locations details",
              "fullTitle": "API Locations Test Locations details",
              "timedOut": false,
              "duration": 4,
              "state": "passed",
              "speed": "fast",
              "pass": true,
              "fail": false,
              "pending": false,
              "context": null,
              "code": "axios\n    .get(\"https://sandbox.api.nab/v2/accounts?v=1\")\n    .then(res => {\n    console.log(res.data.response.accountSummaries);\n})\n    .catch(err => {\n    console.log(err);\n});",
              "err": {},
              "uuid": "392c417e-6968-4b76-90d6-a2793cc15c2f",
              "parentUUID": "537ba9fe-ff1f-4358-a9b8-d4933adc24a3",
              "isHook": false,
              "skipped": false
            },
            {
              "title": "Test account details",
              "fullTitle": "API Locations Test account details",
              "timedOut": false,
              "duration": 2,
              "state": "passed",
              "speed": "fast",
              "pass": true,
              "fail": false,
              "pending": false,
              "context": null,
              "code": "axios\n    .post(\"https://sandbox.api.nab/v2/accounts/balance?v=1\", accountPayLoad)\n    .then(res => {\n    console.log(res.data.response.accounts);\n})\n    .catch(err => {\n    console.log(err);\n});",
              "err": {},
              "uuid": "d57bdbfd-9d41-4db5-bc10-b2f80040b9d7",
              "parentUUID": "537ba9fe-ff1f-4358-a9b8-d4933adc24a3",
              "isHook": false,
              "skipped": false
            }
          ],
          "suites": [],
          "passes": [
            "392c417e-6968-4b76-90d6-a2793cc15c2f",
            "d57bdbfd-9d41-4db5-bc10-b2f80040b9d7"
          ],
          "failures": [],
          "pending": [],
          "skipped": [],
          "duration": 6,
          "root": false,
          "rootEmpty": false,
          "_timeout": 45000
        }
      ],
      "passes": [],
      "failures": [],
      "pending": [],
      "skipped": [],
      "duration": 0,
      "root": true,
      "rootEmpty": true,
      "_timeout": 45000
    }
  ],
  "meta": {
    "mocha": {
      "version": "7.1.1"
    },
    "mochawesome": {
      "options": {
        "quiet": false,
        "reportFilename": "mochawesome",
        "saveHtml": true,
        "saveJson": true,
        "consoleReporter": "spec",
        "useInlineDiffs": false,
        "code": true
      },
      "version": "5.0.0"
    },
    "marge": {
      "options": null,
      "version": "4.1.0"
    }
  }
}