{
  "stats": {
    "suites": 6,
    "tests": 17,
    "passes": 7,
    "pending": 10,
    "failures": 0,
    "start": "2019-04-25T01:55:16.203Z",
    "end": "2019-04-25T01:55:19.614Z",
    "duration": 3411,
    "testsRegistered": 17,
    "passPercent": 100,
    "pendingPercent": 58.8,
    "other": 0,
    "hasOther": false,
    "skipped": 0,
    "hasSkipped": false,
    "passPercentClass": "success",
    "pendingPercentClass": "warning"
  },
  "suites": {
    "uuid": "b9f163eb-c90e-4099-a02f-75bf78f34fd6",
    "title": "",
    "fullFile": "",
    "file": "",
    "beforeHooks": [],
    "afterHooks": [],
    "tests": [],
    "suites": [
      {
        "uuid": "031d9306-c335-41bb-be52-114c0affa569",
        "title": "User",
        "fullFile": "C:\\ccviews\\ApiTestAutomation\\test\\test.spec.js",
        "file": "\\test\\test.spec.js",
        "beforeHooks": [],
        "afterHooks": [],
        "tests": [
          {
            "title": "should return a 200 response",
            "fullTitle": "User should return a 200 response",
            "timedOut": false,
            "duration": 0,
            "pass": false,
            "fail": false,
            "pending": true,
            "code": "",
            "err": {},
            "isRoot": false,
            "uuid": "b334e1d3-ce38-44cb-8799-eaf1a41ce375",
            "isHook": false,
            "skipped": false
          },
          {
            "title": "should be an object with keys and values",
            "fullTitle": "User should be an object with keys and values",
            "timedOut": false,
            "duration": 0,
            "pass": false,
            "fail": false,
            "pending": true,
            "code": "",
            "err": {},
            "isRoot": false,
            "uuid": "3ece165c-4247-49a2-9401-4c76433b21ac",
            "isHook": false,
            "skipped": false
          },
          {
            "title": "should have a 10 digit phone number",
            "fullTitle": "User should have a 10 digit phone number",
            "timedOut": false,
            "duration": 0,
            "pass": false,
            "fail": false,
            "pending": true,
            "code": "",
            "err": {},
            "isRoot": false,
            "uuid": "53bb998d-ac14-4ddf-9034-b53b5a0c5656",
            "isHook": false,
            "skipped": false
          },
          {
            "title": "should have the role of admin",
            "fullTitle": "User should have the role of admin",
            "timedOut": false,
            "duration": 0,
            "pass": false,
            "fail": false,
            "pending": true,
            "code": "",
            "err": {},
            "isRoot": false,
            "uuid": "be1ec501-d853-44cf-9404-b0021ebcce68",
            "isHook": false,
            "skipped": false
          },
          {
            "title": "should be updated with a new name",
            "fullTitle": "User should be updated with a new name",
            "timedOut": false,
            "duration": 0,
            "pass": false,
            "fail": false,
            "pending": true,
            "code": "",
            "err": {},
            "isRoot": false,
            "uuid": "2a61f309-9892-4a45-b1f4-ab8effebff6e",
            "isHook": false,
            "skipped": false
          },
          {
            "title": "should access their own locations",
            "fullTitle": "User should access their own locations",
            "timedOut": false,
            "duration": 0,
            "pass": false,
            "fail": false,
            "pending": true,
            "code": "",
            "err": {},
            "isRoot": false,
            "uuid": "922e2c47-251f-4308-9445-bf58756057f3",
            "isHook": false,
            "skipped": false
          },
          {
            "title": "should not be able to access other users locations",
            "fullTitle": "User should not be able to access other users locations",
            "timedOut": false,
            "duration": 0,
            "pass": false,
            "fail": false,
            "pending": true,
            "code": "",
            "err": {},
            "isRoot": false,
            "uuid": "cab02aeb-b460-49ba-943a-63279e8cdf94",
            "isHook": false,
            "skipped": false
          }
        ],
        "suites": [],
        "passes": [],
        "failures": [],
        "pending": [
          "b334e1d3-ce38-44cb-8799-eaf1a41ce375",
          "3ece165c-4247-49a2-9401-4c76433b21ac",
          "53bb998d-ac14-4ddf-9034-b53b5a0c5656",
          "be1ec501-d853-44cf-9404-b0021ebcce68",
          "2a61f309-9892-4a45-b1f4-ab8effebff6e",
          "922e2c47-251f-4308-9445-bf58756057f3",
          "cab02aeb-b460-49ba-943a-63279e8cdf94"
        ],
        "skipped": [],
        "duration": 0,
        "root": false,
        "rootEmpty": false,
        "_timeout": 2000
      },
      {
        "uuid": "8da40297-94b2-461f-82dc-8bec807cc70a",
        "title": "Typi code",
        "fullFile": "C:\\ccviews\\ApiTestAutomation\\test\\test2.spec.js",
        "file": "\\test\\test2.spec.js",
        "beforeHooks": [],
        "afterHooks": [],
        "tests": [
          {
            "title": "should have posts",
            "fullTitle": "Typi code should have posts",
            "timedOut": false,
            "duration": 914,
            "state": "passed",
            "speed": "slow",
            "pass": true,
            "fail": false,
            "pending": false,
            "code": "api.get('/db')\n    .expect(200)\n    .end((err, res) => {\n        expect(res.body).to.have.property('posts');\n        expect(res.body.posts).to.not.equal(null);\n        done();\n    })",
            "err": {},
            "isRoot": false,
            "uuid": "71f13a14-dbe9-434d-989c-c26334876dc4",
            "isHook": false,
            "skipped": false
          },
          {
            "title": "should have comments",
            "fullTitle": "Typi code should have comments",
            "timedOut": false,
            "duration": 733,
            "state": "passed",
            "speed": "slow",
            "pass": true,
            "fail": false,
            "pending": false,
            "code": "api.get('/db')\n    .expect(200)\n    .end((err, res) => {\n        expect(res.body).to.have.property('comments');\n        done();\n    });",
            "err": {},
            "isRoot": false,
            "uuid": "435da634-b874-4358-ab74-e00e93565e1a",
            "isHook": false,
            "skipped": false
          }
        ],
        "suites": [],
        "passes": [
          "71f13a14-dbe9-434d-989c-c26334876dc4",
          "435da634-b874-4358-ab74-e00e93565e1a"
        ],
        "failures": [],
        "pending": [],
        "skipped": [],
        "duration": 1647,
        "root": false,
        "rootEmpty": false,
        "_timeout": 2000
      },
      {
        "uuid": "9879cabb-5661-440c-9d94-80857ae6e96c",
        "title": "Authentication",
        "fullFile": "C:\\ccviews\\ApiTestAutomation\\test\\test3.spec.js",
        "file": "\\test\\test3.spec.js",
        "beforeHooks": [],
        "afterHooks": [],
        "tests": [
          {
            "title": "errors if wrong basic auth",
            "fullTitle": "Authentication errors if wrong basic auth",
            "timedOut": false,
            "duration": 0,
            "pass": false,
            "fail": false,
            "pending": true,
            "code": "",
            "err": {},
            "isRoot": false,
            "uuid": "bead0c9b-0e2a-4bca-822b-96eaa415d675",
            "isHook": false,
            "skipped": false
          },
          {
            "title": "errors if bad x-api-key header",
            "fullTitle": "Authentication errors if bad x-api-key header",
            "timedOut": false,
            "duration": 0,
            "pass": false,
            "fail": false,
            "pending": true,
            "code": "",
            "err": {},
            "isRoot": false,
            "uuid": "5fda4668-8e7a-4270-a469-59e63ed7ce5a",
            "isHook": false,
            "skipped": false
          }
        ],
        "suites": [],
        "passes": [],
        "failures": [],
        "pending": [
          "bead0c9b-0e2a-4bca-822b-96eaa415d675",
          "5fda4668-8e7a-4270-a469-59e63ed7ce5a"
        ],
        "skipped": [],
        "duration": 0,
        "root": false,
        "rootEmpty": false,
        "_timeout": 2000
      },
      {
        "uuid": "b17d7354-e563-45ba-8c47-5c905150c818",
        "title": "/blog",
        "fullFile": "C:\\ccviews\\ApiTestAutomation\\test\\test3.spec.js",
        "file": "\\test\\test3.spec.js",
        "beforeHooks": [],
        "afterHooks": [],
        "tests": [
          {
            "title": "returns blog posts as JSON",
            "fullTitle": "/blog returns blog posts as JSON",
            "timedOut": false,
            "duration": 0,
            "pass": false,
            "fail": false,
            "pending": true,
            "code": "",
            "err": {},
            "isRoot": false,
            "uuid": "d527b8f7-6863-4dc1-a88c-193b18e964f2",
            "isHook": false,
            "skipped": false
          }
        ],
        "suites": [],
        "passes": [],
        "failures": [],
        "pending": [
          "d527b8f7-6863-4dc1-a88c-193b18e964f2"
        ],
        "skipped": [],
        "duration": 0,
        "root": false,
        "rootEmpty": false,
        "_timeout": 2000
      },
      {
        "uuid": "7f1b4873-60c5-490e-beff-629f52feaa27",
        "title": "Text Axios",
        "fullFile": "C:\\ccviews\\ApiTestAutomation\\test\\test4_axis.spec.js",
        "file": "\\test\\test4_axis.spec.js",
        "beforeHooks": [],
        "afterHooks": [],
        "tests": [
          {
            "title": "Text typiCode",
            "fullTitle": "Text Axios Text typiCode",
            "timedOut": false,
            "duration": 873,
            "state": "passed",
            "speed": "slow",
            "pass": true,
            "fail": false,
            "pending": false,
            "code": "let res = await axios.default.post(\n  \"https://jsonplaceholder.typicode.com/posts\"\n);\nconsole.log(`Status code: ${res.status}`);\nconsole.log(`Status text: ${res.statusText}`);\nconsole.log(`Request method: ${res.request.method}`);\nconsole.log(`Path: ${res.request.path}`);\nconsole.log(`Date: ${res.headers.date}`);\nconsole.log(`Data: ${res.data}`);",
            "err": {},
            "isRoot": false,
            "uuid": "da8f0bf6-afc4-45df-bcb5-b33e19c79c74",
            "isHook": false,
            "skipped": false
          },
          {
            "title": "github api, multiple request",
            "fullTitle": "Text Axios github api, multiple request",
            "timedOut": false,
            "duration": 833,
            "state": "passed",
            "speed": "slow",
            "pass": true,
            "fail": false,
            "pending": false,
            "code": "let [u1, u2, u3] = await Promise.all([\n  axios.default.get(\"https://api.github.com/users/janbodnar\"),\n  axios.default.get(\"https://api.github.com/users/symfony\"),\n  axios.default.get(\"https://api.github.com/users\")\n]);\nconsole.log(`Jan Bodnar: ${u1.data.created_at}`);\nconsole.log(`Symfony: ${u2.data.created_at}`);\nconsole.log(`test:${u3.statusText}`);",
            "err": {},
            "isRoot": false,
            "uuid": "f431a7c0-8c2f-4661-a04a-1faea0f7bc63",
            "isHook": false,
            "skipped": false
          },
          {
            "title": "local jsonserver",
            "fullTitle": "Text Axios local jsonserver",
            "timedOut": false,
            "duration": 1,
            "state": "passed",
            "speed": "fast",
            "pass": true,
            "fail": false,
            "pending": false,
            "code": "axios.default\n  .get(\"http://localhost:3000/users\")\n  .then(resp => {\n    let data = resp.data;\n    data.forEach(e => {\n      console.log(`${e.first_name}, ${e.last_name}, ${e.email}`);\n    });\n  })\n  .catch(error => {\n    console.log(error);\n  });",
            "err": {},
            "isRoot": false,
            "uuid": "b3dfaaaa-b588-4bcb-bbf9-b30c2e84202f",
            "isHook": false,
            "skipped": false
          }
        ],
        "suites": [],
        "passes": [
          "da8f0bf6-afc4-45df-bcb5-b33e19c79c74",
          "f431a7c0-8c2f-4661-a04a-1faea0f7bc63",
          "b3dfaaaa-b588-4bcb-bbf9-b30c2e84202f"
        ],
        "failures": [],
        "pending": [],
        "skipped": [],
        "duration": 1707,
        "root": false,
        "rootEmpty": false,
        "_timeout": 2000
      },
      {
        "uuid": "9501e571-2010-4e56-bf5d-5fb1b4a8ab74",
        "title": "API Locations",
        "fullFile": "C:\\ccviews\\ApiTestAutomation\\test\\test5.spec.js",
        "file": "\\test\\test5.spec.js",
        "beforeHooks": [],
        "afterHooks": [],
        "tests": [
          {
            "title": "Test Locations details",
            "fullTitle": "API Locations Test Locations details",
            "timedOut": false,
            "duration": 1,
            "state": "passed",
            "speed": "fast",
            "pass": true,
            "fail": false,
            "pending": false,
            "code": "axios\n  .get(\"https://sandbox.api.nab/v2/accounts?v=1\")\n  .then(res => {\n    console.log(res.data.response.accountSummaries);\n  })\n  .catch(err => {\n    console.log(err);\n  });",
            "err": {},
            "isRoot": false,
            "uuid": "9d861173-8168-4b51-9b92-a4d040ac5ab9",
            "isHook": false,
            "skipped": false
          },
          {
            "title": "Test account details",
            "fullTitle": "API Locations Test account details",
            "timedOut": false,
            "duration": 12,
            "state": "passed",
            "speed": "fast",
            "pass": true,
            "fail": false,
            "pending": false,
            "code": "axios\n  .post(\"https://sandbox.api.nab/v2/accounts/balance?v=1\", accountPayLoad)\n  .then(res => {\n    console.log(res.data.response.accounts);\n  })\n  .catch(err => {\n    console.log(err);\n  });",
            "err": {},
            "isRoot": false,
            "uuid": "87b1b21f-6068-4c5d-8f82-bed31c8f0abe",
            "isHook": false,
            "skipped": false
          }
        ],
        "suites": [],
        "passes": [
          "9d861173-8168-4b51-9b92-a4d040ac5ab9",
          "87b1b21f-6068-4c5d-8f82-bed31c8f0abe"
        ],
        "failures": [],
        "pending": [],
        "skipped": [],
        "duration": 13,
        "root": false,
        "rootEmpty": false,
        "_timeout": 2000
      }
    ],
    "passes": [],
    "failures": [],
    "pending": [],
    "skipped": [],
    "duration": 0,
    "root": true,
    "rootEmpty": true,
    "_timeout": 2000
  },
  "copyrightYear": 2019
}